<?xml version="1.0" encoding="UTF-8"?>
<testng-results skipped="0" failed="1" ignored="0" total="3" passed="2">
  <reporter-output>
  </reporter-output>
  <suite name="Temerature Comparator" duration-ms="39730" started-at="2020-11-22T19:17:50 IST" finished-at="2020-11-22T19:18:30 IST">
    <groups>
    </groups>
    <test name="Fetch values from GUI and API" duration-ms="39654" started-at="2020-11-22T19:17:50 IST" finished-at="2020-11-22T19:18:30 IST">
      <class name="Tests.Temperature_API">
        <test-method status="PASS" signature="getRequest()[pri:0, instance:Tests.Temperature_API@1d29cf23]" name="getRequest" duration-ms="4130" started-at="2020-11-22T19:17:50 IST" finished-at="2020-11-22T19:17:54 IST">
          <reporter-output>
          </reporter-output>
        </test-method> <!-- getRequest -->
      </class> <!-- Tests.Temperature_API -->
      <class name="Tests.Temperature_GUI">
        <test-method status="PASS" signature="setup()[pri:0, instance:Tests.Temperature_GUI@27a5f880]" name="setup" is-config="true" duration-ms="33007" started-at="2020-11-22T19:17:50 IST" finished-at="2020-11-22T19:18:23 IST">
          <reporter-output>
          </reporter-output>
        </test-method> <!-- setup -->
        <test-method status="PASS" signature="Fetch_GUI_Temp()[pri:0, instance:Tests.Temperature_GUI@27a5f880]" name="Fetch_GUI_Temp" duration-ms="5735" started-at="2020-11-22T19:18:23 IST" finished-at="2020-11-22T19:18:29 IST">
          <reporter-output>
          </reporter-output>
        </test-method> <!-- Fetch_GUI_Temp -->
        <test-method status="PASS" signature="teardown()[pri:0, instance:Tests.Temperature_GUI@27a5f880]" name="teardown" is-config="true" duration-ms="868" started-at="2020-11-22T19:18:29 IST" finished-at="2020-11-22T19:18:30 IST">
          <reporter-output>
          </reporter-output>
        </test-method> <!-- teardown -->
      </class> <!-- Tests.Temperature_GUI -->
    </test> <!-- Fetch values from GUI and API -->
    <test name="Compare the values" duration-ms="25" started-at="2020-11-22T19:18:30 IST" finished-at="2020-11-22T19:18:30 IST">
      <class name="Tests.Temperature_Compare">
        <test-method status="FAIL" signature="compare_Values()[pri:0, instance:Tests.Temperature_Compare@30a3107a]" name="compare_Values" duration-ms="16" started-at="2020-11-22T19:18:30 IST" finished-at="2020-11-22T19:18:30 IST">
          <exception class="java.lang.AssertionError">
            <message>
              <![CDATA[did not expect to find [true] but found [false]]]>
            </message>
            <full-stacktrace>
              <![CDATA[java.lang.AssertionError: did not expect to find [true] but found [false]
at org.testng.Assert.fail(Assert.java:97)
at org.testng.Assert.failNotEquals(Assert.java:969)
at org.testng.Assert.assertTrue(Assert.java:43)
at org.testng.Assert.assertTrue(Assert.java:53)
at Tests.Temperature_Compare.compare_Values(Temperature_Compare.java:27)
at sun.reflect.NativeMethodAccessorImpl.invoke0(Native Method)
at sun.reflect.NativeMethodAccessorImpl.invoke(NativeMethodAccessorImpl.java:62)
at sun.reflect.DelegatingMethodAccessorImpl.invoke(DelegatingMethodAccessorImpl.java:43)
at java.lang.reflect.Method.invoke(Method.java:498)
at org.testng.internal.MethodInvocationHelper.invokeMethod(MethodInvocationHelper.java:133)
at org.testng.internal.TestInvoker.invokeMethod(TestInvoker.java:584)
at org.testng.internal.TestInvoker.invokeTestMethod(TestInvoker.java:172)
at org.testng.internal.MethodRunner.runInSequence(MethodRunner.java:46)
at org.testng.internal.TestInvoker$MethodInvocationAgent.invoke(TestInvoker.java:804)
at org.testng.internal.TestInvoker.invokeTestMethods(TestInvoker.java:145)
at org.testng.internal.TestMethodWorker.invokeTestMethods(TestMethodWorker.java:146)
at org.testng.internal.TestMethodWorker.run(TestMethodWorker.java:128)
at java.util.concurrent.ThreadPoolExecutor.runWorker(ThreadPoolExecutor.java:1149)
at java.util.concurrent.ThreadPoolExecutor$Worker.run(ThreadPoolExecutor.java:624)
at java.lang.Thread.run(Thread.java:748)
]]>
            </full-stacktrace>
          </exception> <!-- java.lang.AssertionError -->
          <reporter-output>
          </reporter-output>
        </test-method> <!-- compare_Values -->
      </class> <!-- Tests.Temperature_Compare -->
    </test> <!-- Compare the values -->
  </suite> <!-- Temerature Comparator -->
</testng-results>
